# This file was automatically created by FeynRules $Revision: 595 $
# Mathematica version: 7.0 for Mac OS X x86 (64-bit) (February 19, 2009)
# Date: Fri 27 Jul 2012 19:56:42


# 
# This is the logfile for the model jjZprime

# Authors: B. Dobrescu, N. Christensen, C. Duhr
# Model version: SM1.3 + jjZprime1.0
# Checking the Lagrangians
   * All Lagrangians are ok.
#
# Particle definitions
#

   * No particles removed. All particles correspond to GenInt setup.

# Automatically assigned PDG numbers
   * Assigned PDG number 9000001 to particle ghA
   * Assigned PDG number 9000002 to particle ghZ
   * Assigned PDG number 9000003 to particle ghWp
   * Assigned PDG number 9000004 to particle ghWm
   * Assigned PDG number 9000005 to particle ghG


# Compulsory PDG codes:
   * Class SM leptons complete.
   * Class SM neutrinos complete.
   * Class SM quarks complete.
   * Class SM gauge bosons complete.
#
# Parameter definitions
#

   * All parameters are ok.


# Vertices
   * Calling FeynmanRules for 2 Lagrangians.
   * Number of classes vertices: 36
   * Number of flavored vertices: 86
   * Saved vertices in InterfaceRun[ 1 ].
   * Checked QNumber conservation.
      - Quantum number GhostNumber conserved in all vertices.
      - Quantum number LeptonNumber conserved in all vertices.
      - Quantum number Q conserved in all vertices.
   * particles.py written.
   * parameters.py written.
#
# Vertex definitions
#

   * 86 vertices written.
   * vertices.py written.
#
# Lorentz structure definitions
#

   * 17 lorentz structures written.
   * lorentz.py written.
#
# Coupling definitions
#

   * 52 couplings written.
   * couplings.py written.
